# JRE version: OpenJDK Runtime Environment (23.0+37) (build 23+37-2369)
# Java VM: OpenJDK 64-Bit Server VM (23+37-2369, mixed mode, sharing, tiered, compressed oops, compressed class ptrs, g1 gc, windows-amd64)
GC Precious Log:
 CardTable entry size: 512
 Card Set container configuration: InlinePtr #cards 4 size 8 Array Of Cards #cards 16 size 48 Howl #buckets 8 coarsen threshold 3686 Howl Bitmap #cards 512 size 80 coarsen threshold 460 Card regions per heap region 1 cards per card region 4096
 CPUs: 16 total, 16 available
 Memory: 16008M
 Large Page Support: Disabled
 NUMA Support: Disabled
 Compressed Oops: Enabled (Zero based)
 Heap Region Size: 2M
 Heap Min Capacity: 8M
 Heap Initial Capacity: 252M
 Heap Max Capacity: 4004M
 Pre-touch: Disabled
 Parallel Workers: 13
 Concurrent Workers: 3
 Concurrent Refinement Workers: 13
 Periodic GC: Disabled
Heap:
 garbage-first heap   total reserved 4100096K, committed 157696K, used 70243K [0x0000000705c00000, 0x0000000800000000)
  region size 2048K, 2 young (4096K), 1 survivors (2048K)
 Metaspace       used 23980K, committed 24640K, reserved 1114112K
  class space    used 2742K, committed 3008K, reserved 1048576K
GC Heap History (12 events):
Event: 0.646 GC heap before
{Heap before GC invocations=0 (full 0):
 garbage-first heap   total reserved 4100096K, committed 258048K, used 43008K [0x0000000705c00000, 0x0000000800000000)
  region size 2048K, 12 young (24576K), 0 survivors (0K)
 Metaspace       used 7804K, committed 8000K, reserved 1114112K
  class space    used 905K, committed 960K, reserved 1048576K
}
Event: 0.654 GC heap after
{Heap after GC invocations=1 (full 0):
 garbage-first heap   total reserved 4100096K, committed 258048K, used 20757K [0x0000000705c00000, 0x0000000800000000)
  region size 2048K, 2 young (4096K), 2 survivors (4096K)
 Metaspace       used 7804K, committed 8000K, reserved 1114112K
  class space    used 905K, committed 960K, reserved 1048576K
}
Event: 2.119 GC heap before
{Heap before GC invocations=1 (full 0):
 garbage-first heap   total reserved 4100096K, committed 258048K, used 45333K [0x0000000705c00000, 0x0000000800000000)
  region size 2048K, 14 young (28672K), 2 survivors (4096K)
 Metaspace       used 18317K, committed 18624K, reserved 1114112K
  class space    used 2070K, committed 2240K, reserved 1048576K
}
Event: 2.132 GC heap after
{Heap after GC invocations=2 (full 0):
 garbage-first heap   total reserved 4100096K, committed 258048K, used 25567K [0x0000000705c00000, 0x0000000800000000)
  region size 2048K, 2 young (4096K), 2 survivors (4096K)
 Metaspace       used 18317K, committed 18624K, reserved 1114112K
  class space    used 2070K, committed 2240K, reserved 1048576K
}
Event: 3.593 GC heap before
{Heap before GC invocations=2 (full 0):
 garbage-first heap   total reserved 4100096K, committed 258048K, used 66527K [0x0000000705c00000, 0x0000000800000000)
  region size 2048K, 20 young (40960K), 2 survivors (4096K)
 Metaspace       used 21211K, committed 21504K, reserved 1114112K
  class space    used 2348K, committed 2496K, reserved 1048576K
}
Event: 3.602 GC heap after
{Heap after GC invocations=3 (full 0):
 garbage-first heap   total reserved 4100096K, committed 258048K, used 46961K [0x0000000705c00000, 0x0000000800000000)
  region size 2048K, 4 young (8192K), 4 survivors (8192K)
 Metaspace       used 21211K, committed 21504K, reserved 1114112K
  class space    used 2348K, committed 2496K, reserved 1048576K
}
Event: 6.088 GC heap before
{Heap before GC invocations=4 (full 0):
 garbage-first heap   total reserved 4100096K, committed 157696K, used 83825K [0x0000000705c00000, 0x0000000800000000)
  region size 2048K, 10 young (20480K), 4 survivors (8192K)
 Metaspace       used 23714K, committed 24384K, reserved 1114112K
  class space    used 2738K, committed 3008K, reserved 1048576K
}
Event: 6.093 GC heap after
{Heap after GC invocations=5 (full 0):
 garbage-first heap   total reserved 4100096K, committed 157696K, used 74362K [0x0000000705c00000, 0x0000000800000000)
  region size 2048K, 3 young (6144K), 3 survivors (6144K)
 Metaspace       used 23714K, committed 24384K, reserved 1114112K
  class space    used 2738K, committed 3008K, reserved 1048576K
}
Event: 6.230 GC heap before
{Heap before GC invocations=5 (full 0):
 garbage-first heap   total reserved 4100096K, committed 157696K, used 88698K [0x0000000705c00000, 0x0000000800000000)
  region size 2048K, 6 young (12288K), 3 survivors (6144K)
 Metaspace       used 23876K, committed 24512K, reserved 1114112K
  class space    used 2738K, committed 3008K, reserved 1048576K
}
Event: 6.233 GC heap after
{Heap after GC invocations=6 (full 0):
 garbage-first heap   total reserved 4100096K, committed 157696K, used 60158K [0x0000000705c00000, 0x0000000800000000)
  region size 2048K, 1 young (2048K), 1 survivors (2048K)
 Metaspace       used 23876K, committed 24512K, reserved 1114112K
  class space    used 2738K, committed 3008K, reserved 1048576K
}
Event: 292.815 GC heap before
{Heap before GC invocations=6 (full 0):
 garbage-first heap   total reserved 4100096K, committed 157696K, used 74494K [0x0000000705c00000, 0x0000000800000000)
  region size 2048K, 4 young (8192K), 1 survivors (2048K)
 Metaspace       used 23964K, committed 24576K, reserved 1114112K
  class space    used 2741K, committed 3008K, reserved 1048576K
}
Event: 292.817 GC heap after
{Heap after GC invocations=7 (full 0):
 garbage-first heap   total reserved 4100096K, committed 157696K, used 60003K [0x0000000705c00000, 0x0000000800000000)
  region size 2048K, 1 young (2048K), 1 survivors (2048K)
 Metaspace       used 23964K, committed 24576K, reserved 1114112K
  class space    used 2741K, committed 3008K, reserved 1048576K
}

